==========
2018-09-29 15:06:52
System.ArgumentException: Element o tym samym kluczu został już dodany.
   w System.ThrowHelper.ThrowArgumentException(ExceptionResource resource)
   w System.Collections.Generic.Dictionary`2.Insert(TKey key, TValue value, Boolean add)
   w System.Collections.Generic.Dictionary`2.Add(TKey key, TValue value)
   w GenericEngines.SettingsHandler..ctor() w C:\Users\Pat\Documents\GitHub\Generic-Engines\GenericEngines\Settings.cs:wiersz 94
   w GenericEngines.SettingsWindow..ctor() w C:\Users\Pat\Documents\GitHub\Generic-Engines\GenericEngines\SettingsWindow.xaml.cs:wiersz 18
   w GenericEngines.MainWindow.settingsButton_MouseUp(Object sender, MouseButtonEventArgs e) w C:\Users\Pat\Documents\GitHub\Generic-Engines\GenericEngines\MainWindow.xaml.cs:wiersz 193
   w System.Windows.Input.MouseButtonEventArgs.InvokeEventHandler(Delegate genericHandler, Object genericTarget)
   w System.Windows.RoutedEventArgs.InvokeHandler(Delegate handler, Object target)
   w System.Windows.RoutedEventHandlerInfo.InvokeHandler(Object target, RoutedEventArgs routedEventArgs)
   w System.Windows.EventRoute.InvokeHandlersImpl(Object source, RoutedEventArgs args, Boolean reRaised)
   w System.Windows.UIElement.RaiseEventImpl(DependencyObject sender, RoutedEventArgs args)
   w System.Windows.UIElement.RaiseTrustedEvent(RoutedEventArgs args)
   w System.Windows.UIElement.RaiseEvent(RoutedEventArgs args, Boolean trusted)
   w System.Windows.Input.InputManager.ProcessStagingArea()
   w System.Windows.Input.InputManager.ProcessInput(InputEventArgs input)
   w System.Windows.Input.InputProviderSite.ReportInput(InputReport inputReport)
   w System.Windows.Interop.HwndMouseInputProvider.ReportInput(IntPtr hwnd, InputMode mode, Int32 timestamp, RawMouseActions actions, Int32 x, Int32 y, Int32 wheel)
   w System.Windows.Interop.HwndMouseInputProvider.FilterMessage(IntPtr hwnd, WindowMessage msg, IntPtr wParam, IntPtr lParam, Boolean& handled)
   w System.Windows.Interop.HwndSource.InputFilterMessage(IntPtr hwnd, Int32 msg, IntPtr wParam, IntPtr lParam, Boolean& handled)
   w MS.Win32.HwndWrapper.WndProc(IntPtr hwnd, Int32 msg, IntPtr wParam, IntPtr lParam, Boolean& handled)
   w MS.Win32.HwndSubclass.DispatcherCallbackOperation(Object o)
   w System.Windows.Threading.ExceptionWrapper.InternalRealCall(Delegate callback, Object args, Int32 numArgs)
   w System.Windows.Threading.ExceptionWrapper.TryCatchWhen(Object source, Delegate callback, Object args, Int32 numArgs, Delegate catchHandler)
   w System.Windows.Threading.Dispatcher.LegacyInvokeImpl(DispatcherPriority priority, TimeSpan timeout, Delegate method, Object args, Int32 numArgs)
   w MS.Win32.HwndSubclass.SubclassWndProc(IntPtr hwnd, Int32 msg, IntPtr wParam, IntPtr lParam)
   w MS.Win32.UnsafeNativeMethods.DispatchMessage(MSG& msg)
   w System.Windows.Threading.Dispatcher.PushFrameImpl(DispatcherFrame frame)
   w System.Windows.Threading.Dispatcher.PushFrame(DispatcherFrame frame)
   w System.Windows.Application.RunDispatcher(Object ignore)
   w System.Windows.Application.RunInternal(Window window)
   w System.Windows.Application.Run(Window window)
   w System.Windows.Application.Run()
   w GenericEngines.App.Main()
==========
2018-09-29 15:52:22
System.Windows.Markup.XamlParseException: Operacja podawania wartości elementu „System.Windows.Markup.StaticResourceHolder” wywołała wyjątek. ---> System.Exception: Nie można znaleźć zasobu o nazwie „Switch”. W nazwach zasobów jest uwzględniana wielkość liter.
   w System.Windows.StaticResourceExtension.ProvideValueInternal(IServiceProvider serviceProvider, Boolean allowDeferredReference)
   w System.Windows.StaticResourceExtension.ProvideValue(IServiceProvider serviceProvider)
   w MS.Internal.Xaml.Runtime.ClrObjectRuntime.CallProvideValue(MarkupExtension me, IServiceProvider serviceProvider)
   --- Koniec śladu stosu wyjątków wewnętrznych ---
   w System.Windows.FrameworkTemplate.LoadTemplateXaml(XamlReader templateReader, XamlObjectWriter currentWriter)
   w System.Windows.FrameworkTemplate.LoadTemplateXaml(XamlObjectWriter objectWriter)
   w System.Windows.FrameworkTemplate.LoadOptimizedTemplateContent(DependencyObject container, IComponentConnector componentConnector, IStyleConnector styleConnector, List`1 affectedChildren, UncommonField`1 templatedNonFeChildrenField)
   w System.Windows.FrameworkTemplate.LoadContent(DependencyObject container, List`1 affectedChildren)
   w System.Windows.StyleHelper.ApplyTemplateContent(UncommonField`1 dataField, DependencyObject container, FrameworkElementFactory templateRoot, Int32 lastChildIndex, HybridDictionary childIndexFromChildID, FrameworkTemplate frameworkTemplate)
   w System.Windows.FrameworkTemplate.ApplyTemplateContent(UncommonField`1 templateDataField, FrameworkElement container)
   w System.Windows.FrameworkElement.ApplyTemplate()
   w System.Windows.FrameworkElement.MeasureCore(Size availableSize)
   w System.Windows.UIElement.Measure(Size availableSize)
   w MS.Internal.Helper.MeasureElementWithSingleChild(UIElement element, Size constraint)
   w System.Windows.Controls.ContentPresenter.MeasureOverride(Size constraint)
   w System.Windows.FrameworkElement.MeasureCore(Size availableSize)
   w System.Windows.UIElement.Measure(Size availableSize)
   w System.Windows.ContextLayoutManager.UpdateLayout()
   w System.Windows.UIElement.UpdateLayout()
   w System.Windows.Controls.DataGridCell.BeginEdit(RoutedEventArgs e)
   w System.Windows.Controls.DataGrid.OnExecutedBeginEdit(ExecutedRoutedEventArgs e)
   w System.Windows.Controls.DataGrid.OnExecutedBeginEdit(Object sender, ExecutedRoutedEventArgs e)
   w System.Windows.Input.CommandBinding.OnExecuted(Object sender, ExecutedRoutedEventArgs e)
   w System.Windows.Input.CommandManager.ExecuteCommandBinding(Object sender, ExecutedRoutedEventArgs e, CommandBinding commandBinding)
   w System.Windows.Input.CommandManager.FindCommandBinding(Object sender, RoutedEventArgs e, ICommand command, Boolean execute)
   w System.Windows.Input.CommandManager.OnExecuted(Object sender, ExecutedRoutedEventArgs e)
   w System.Windows.UIElement.OnExecutedThunk(Object sender, ExecutedRoutedEventArgs e)
   w System.Windows.Input.ExecutedRoutedEventArgs.InvokeEventHandler(Delegate genericHandler, Object target)
   w System.Windows.RoutedEventArgs.InvokeHandler(Delegate handler, Object target)
   w System.Windows.RoutedEventHandlerInfo.InvokeHandler(Object target, RoutedEventArgs routedEventArgs)
   w System.Windows.EventRoute.InvokeHandlersImpl(Object source, RoutedEventArgs args, Boolean reRaised)
   w System.Windows.UIElement.RaiseEventImpl(DependencyObject sender, RoutedEventArgs args)
   w System.Windows.UIElement.RaiseEvent(RoutedEventArgs args, Boolean trusted)
   w System.Windows.Input.RoutedCommand.ExecuteImpl(Object parameter, IInputElement target, Boolean userInitiated)
   w System.Windows.Input.RoutedCommand.Execute(Object parameter, IInputElement target)
   w System.Windows.Controls.DataGrid.BeginEdit(RoutedEventArgs editingEventArgs)
   w System.Windows.Controls.DataGridCell.OnAnyMouseLeftButtonDown(MouseButtonEventArgs e)
   w System.Windows.Controls.DataGridCell.OnAnyMouseLeftButtonDownThunk(Object sender, MouseButtonEventArgs e)
   w System.Windows.Input.MouseButtonEventArgs.InvokeEventHandler(Delegate genericHandler, Object genericTarget)
   w System.Windows.RoutedEventArgs.InvokeHandler(Delegate handler, Object target)
   w System.Windows.RoutedEventHandlerInfo.InvokeHandler(Object target, RoutedEventArgs routedEventArgs)
   w System.Windows.EventRoute.InvokeHandlersImpl(Object source, RoutedEventArgs args, Boolean reRaised)
   w System.Windows.UIElement.ReRaiseEventAs(DependencyObject sender, RoutedEventArgs args, RoutedEvent newEvent)
   w System.Windows.UIElement.OnMouseDownThunk(Object sender, MouseButtonEventArgs e)
   w System.Windows.Input.MouseButtonEventArgs.InvokeEventHandler(Delegate genericHandler, Object genericTarget)
   w System.Windows.RoutedEventArgs.InvokeHandler(Delegate handler, Object target)
   w System.Windows.RoutedEventHandlerInfo.InvokeHandler(Object target, RoutedEventArgs routedEventArgs)
   w System.Windows.EventRoute.InvokeHandlersImpl(Object source, RoutedEventArgs args, Boolean reRaised)
   w System.Windows.UIElement.RaiseEventImpl(DependencyObject sender, RoutedEventArgs args)
   w System.Windows.UIElement.RaiseTrustedEvent(RoutedEventArgs args)
   w System.Windows.UIElement.RaiseEvent(RoutedEventArgs args, Boolean trusted)
   w System.Windows.Input.InputManager.ProcessStagingArea()
   w System.Windows.Input.InputManager.ProcessInput(InputEventArgs input)
   w System.Windows.Input.InputProviderSite.ReportInput(InputReport inputReport)
   w System.Windows.Interop.HwndMouseInputProvider.ReportInput(IntPtr hwnd, InputMode mode, Int32 timestamp, RawMouseActions actions, Int32 x, Int32 y, Int32 wheel)
   w System.Windows.Interop.HwndMouseInputProvider.FilterMessage(IntPtr hwnd, WindowMessage msg, IntPtr wParam, IntPtr lParam, Boolean& handled)
   w System.Windows.Interop.HwndSource.InputFilterMessage(IntPtr hwnd, Int32 msg, IntPtr wParam, IntPtr lParam, Boolean& handled)
   w MS.Win32.HwndWrapper.WndProc(IntPtr hwnd, Int32 msg, IntPtr wParam, IntPtr lParam, Boolean& handled)
   w MS.Win32.HwndSubclass.DispatcherCallbackOperation(Object o)
   w System.Windows.Threading.ExceptionWrapper.InternalRealCall(Delegate callback, Object args, Int32 numArgs)
   w System.Windows.Threading.ExceptionWrapper.TryCatchWhen(Object source, Delegate callback, Object args, Int32 numArgs, Delegate catchHandler)
   w System.Windows.Threading.Dispatcher.LegacyInvokeImpl(DispatcherPriority priority, TimeSpan timeout, Delegate method, Object args, Int32 numArgs)
   w MS.Win32.HwndSubclass.SubclassWndProc(IntPtr hwnd, Int32 msg, IntPtr wParam, IntPtr lParam)
   w MS.Win32.UnsafeNativeMethods.DispatchMessage(MSG& msg)
   w System.Windows.Threading.Dispatcher.PushFrameImpl(DispatcherFrame frame)
   w System.Windows.Threading.Dispatcher.PushFrame(DispatcherFrame frame)
   w System.Windows.Application.RunDispatcher(Object ignore)
   w System.Windows.Application.RunInternal(Window window)
   w System.Windows.Application.Run(Window window)
   w System.Windows.Application.Run()
   w GenericEngines.App.Main()
==========
2018-09-29 15:55:51
System.Windows.Markup.XamlParseException: Operacja podawania wartości elementu „System.Windows.Markup.StaticResourceHolder” wywołała wyjątek. ---> System.Exception: Nie można znaleźć zasobu o nazwie „CheckBoxSwitch”. W nazwach zasobów jest uwzględniana wielkość liter.
   w System.Windows.StaticResourceExtension.ProvideValueInternal(IServiceProvider serviceProvider, Boolean allowDeferredReference)
   w System.Windows.StaticResourceExtension.ProvideValue(IServiceProvider serviceProvider)
   w MS.Internal.Xaml.Runtime.ClrObjectRuntime.CallProvideValue(MarkupExtension me, IServiceProvider serviceProvider)
   --- Koniec śladu stosu wyjątków wewnętrznych ---
   w System.Windows.FrameworkTemplate.LoadTemplateXaml(XamlReader templateReader, XamlObjectWriter currentWriter)
   w System.Windows.FrameworkTemplate.LoadTemplateXaml(XamlObjectWriter objectWriter)
   w System.Windows.FrameworkTemplate.LoadOptimizedTemplateContent(DependencyObject container, IComponentConnector componentConnector, IStyleConnector styleConnector, List`1 affectedChildren, UncommonField`1 templatedNonFeChildrenField)
   w System.Windows.FrameworkTemplate.LoadContent(DependencyObject container, List`1 affectedChildren)
   w System.Windows.StyleHelper.ApplyTemplateContent(UncommonField`1 dataField, DependencyObject container, FrameworkElementFactory templateRoot, Int32 lastChildIndex, HybridDictionary childIndexFromChildID, FrameworkTemplate frameworkTemplate)
   w System.Windows.FrameworkTemplate.ApplyTemplateContent(UncommonField`1 templateDataField, FrameworkElement container)
   w System.Windows.FrameworkElement.ApplyTemplate()
   w System.Windows.FrameworkElement.MeasureCore(Size availableSize)
   w System.Windows.UIElement.Measure(Size availableSize)
   w MS.Internal.Helper.MeasureElementWithSingleChild(UIElement element, Size constraint)
   w System.Windows.Controls.ContentPresenter.MeasureOverride(Size constraint)
   w System.Windows.FrameworkElement.MeasureCore(Size availableSize)
   w System.Windows.UIElement.Measure(Size availableSize)
   w System.Windows.ContextLayoutManager.UpdateLayout()
   w System.Windows.UIElement.UpdateLayout()
   w System.Windows.Controls.DataGridCell.BeginEdit(RoutedEventArgs e)
   w System.Windows.Controls.DataGrid.OnExecutedBeginEdit(ExecutedRoutedEventArgs e)
   w System.Windows.Controls.DataGrid.OnExecutedBeginEdit(Object sender, ExecutedRoutedEventArgs e)
   w System.Windows.Input.CommandBinding.OnExecuted(Object sender, ExecutedRoutedEventArgs e)
   w System.Windows.Input.CommandManager.ExecuteCommandBinding(Object sender, ExecutedRoutedEventArgs e, CommandBinding commandBinding)
   w System.Windows.Input.CommandManager.FindCommandBinding(Object sender, RoutedEventArgs e, ICommand command, Boolean execute)
   w System.Windows.Input.CommandManager.OnExecuted(Object sender, ExecutedRoutedEventArgs e)
   w System.Windows.UIElement.OnExecutedThunk(Object sender, ExecutedRoutedEventArgs e)
   w System.Windows.Input.ExecutedRoutedEventArgs.InvokeEventHandler(Delegate genericHandler, Object target)
   w System.Windows.RoutedEventArgs.InvokeHandler(Delegate handler, Object target)
   w System.Windows.RoutedEventHandlerInfo.InvokeHandler(Object target, RoutedEventArgs routedEventArgs)
   w System.Windows.EventRoute.InvokeHandlersImpl(Object source, RoutedEventArgs args, Boolean reRaised)
   w System.Windows.UIElement.RaiseEventImpl(DependencyObject sender, RoutedEventArgs args)
   w System.Windows.UIElement.RaiseEvent(RoutedEventArgs args, Boolean trusted)
   w System.Windows.Input.RoutedCommand.ExecuteImpl(Object parameter, IInputElement target, Boolean userInitiated)
   w System.Windows.Input.RoutedCommand.Execute(Object parameter, IInputElement target)
   w System.Windows.Controls.DataGrid.BeginEdit(RoutedEventArgs editingEventArgs)
   w System.Windows.Controls.DataGridCell.OnAnyMouseLeftButtonDown(MouseButtonEventArgs e)
   w System.Windows.Controls.DataGridCell.OnAnyMouseLeftButtonDownThunk(Object sender, MouseButtonEventArgs e)
   w System.Windows.Input.MouseButtonEventArgs.InvokeEventHandler(Delegate genericHandler, Object genericTarget)
   w System.Windows.RoutedEventArgs.InvokeHandler(Delegate handler, Object target)
   w System.Windows.RoutedEventHandlerInfo.InvokeHandler(Object target, RoutedEventArgs routedEventArgs)
   w System.Windows.EventRoute.InvokeHandlersImpl(Object source, RoutedEventArgs args, Boolean reRaised)
   w System.Windows.UIElement.ReRaiseEventAs(DependencyObject sender, RoutedEventArgs args, RoutedEvent newEvent)
   w System.Windows.UIElement.OnMouseDownThunk(Object sender, MouseButtonEventArgs e)
   w System.Windows.Input.MouseButtonEventArgs.InvokeEventHandler(Delegate genericHandler, Object genericTarget)
   w System.Windows.RoutedEventArgs.InvokeHandler(Delegate handler, Object target)
   w System.Windows.RoutedEventHandlerInfo.InvokeHandler(Object target, RoutedEventArgs routedEventArgs)
   w System.Windows.EventRoute.InvokeHandlersImpl(Object source, RoutedEventArgs args, Boolean reRaised)
   w System.Windows.UIElement.RaiseEventImpl(DependencyObject sender, RoutedEventArgs args)
   w System.Windows.UIElement.RaiseTrustedEvent(RoutedEventArgs args)
   w System.Windows.UIElement.RaiseEvent(RoutedEventArgs args, Boolean trusted)
   w System.Windows.Input.InputManager.ProcessStagingArea()
   w System.Windows.Input.InputManager.ProcessInput(InputEventArgs input)
   w System.Windows.Input.InputProviderSite.ReportInput(InputReport inputReport)
   w System.Windows.Interop.HwndMouseInputProvider.ReportInput(IntPtr hwnd, InputMode mode, Int32 timestamp, RawMouseActions actions, Int32 x, Int32 y, Int32 wheel)
   w System.Windows.Interop.HwndMouseInputProvider.FilterMessage(IntPtr hwnd, WindowMessage msg, IntPtr wParam, IntPtr lParam, Boolean& handled)
   w System.Windows.Interop.HwndSource.InputFilterMessage(IntPtr hwnd, Int32 msg, IntPtr wParam, IntPtr lParam, Boolean& handled)
   w MS.Win32.HwndWrapper.WndProc(IntPtr hwnd, Int32 msg, IntPtr wParam, IntPtr lParam, Boolean& handled)
   w MS.Win32.HwndSubclass.DispatcherCallbackOperation(Object o)
   w System.Windows.Threading.ExceptionWrapper.InternalRealCall(Delegate callback, Object args, Int32 numArgs)
   w System.Windows.Threading.ExceptionWrapper.TryCatchWhen(Object source, Delegate callback, Object args, Int32 numArgs, Delegate catchHandler)
   w System.Windows.Threading.Dispatcher.LegacyInvokeImpl(DispatcherPriority priority, TimeSpan timeout, Delegate method, Object args, Int32 numArgs)
   w MS.Win32.HwndSubclass.SubclassWndProc(IntPtr hwnd, Int32 msg, IntPtr wParam, IntPtr lParam)
   w MS.Win32.UnsafeNativeMethods.DispatchMessage(MSG& msg)
   w System.Windows.Threading.Dispatcher.PushFrameImpl(DispatcherFrame frame)
   w System.Windows.Threading.Dispatcher.PushFrame(DispatcherFrame frame)
   w System.Windows.Application.RunDispatcher(Object ignore)
   w System.Windows.Application.RunInternal(Window window)
   w System.Windows.Application.Run(Window window)
   w System.Windows.Application.Run()
   w GenericEngines.App.Main()
==========
2018-09-29 15:56:51
System.Windows.Markup.XamlParseException: Operacja podawania wartości elementu „System.Windows.Markup.StaticResourceHolder” wywołała wyjątek., numer wiersza 204, pozycja 19. ---> System.Exception: Nie można znaleźć zasobu o nazwie „CheckBoxSwitch”. W nazwach zasobów jest uwzględniana wielkość liter.
   w System.Windows.StaticResourceExtension.ProvideValueInternal(IServiceProvider serviceProvider, Boolean allowDeferredReference)
   w System.Windows.StaticResourceExtension.ProvideValue(IServiceProvider serviceProvider)
   w MS.Internal.Xaml.Runtime.ClrObjectRuntime.CallProvideValue(MarkupExtension me, IServiceProvider serviceProvider)
   --- Koniec śladu stosu wyjątków wewnętrznych ---
   w System.Windows.FrameworkTemplate.LoadTemplateXaml(XamlReader templateReader, XamlObjectWriter currentWriter)
   w System.Windows.FrameworkTemplate.LoadTemplateXaml(XamlObjectWriter objectWriter)
   w System.Windows.FrameworkTemplate.LoadOptimizedTemplateContent(DependencyObject container, IComponentConnector componentConnector, IStyleConnector styleConnector, List`1 affectedChildren, UncommonField`1 templatedNonFeChildrenField)
   w System.Windows.FrameworkTemplate.LoadContent(DependencyObject container, List`1 affectedChildren)
   w System.Windows.StyleHelper.ApplyTemplateContent(UncommonField`1 dataField, DependencyObject container, FrameworkElementFactory templateRoot, Int32 lastChildIndex, HybridDictionary childIndexFromChildID, FrameworkTemplate frameworkTemplate)
   w System.Windows.FrameworkTemplate.ApplyTemplateContent(UncommonField`1 templateDataField, FrameworkElement container)
   w System.Windows.FrameworkElement.ApplyTemplate()
   w System.Windows.FrameworkElement.MeasureCore(Size availableSize)
   w System.Windows.UIElement.Measure(Size availableSize)
   w MS.Internal.Helper.MeasureElementWithSingleChild(UIElement element, Size constraint)
   w System.Windows.Controls.ContentPresenter.MeasureOverride(Size constraint)
   w System.Windows.FrameworkElement.MeasureCore(Size availableSize)
   w System.Windows.UIElement.Measure(Size availableSize)
   w System.Windows.ContextLayoutManager.UpdateLayout()
   w System.Windows.UIElement.UpdateLayout()
   w System.Windows.Controls.DataGridCell.BeginEdit(RoutedEventArgs e)
   w System.Windows.Controls.DataGrid.OnExecutedBeginEdit(ExecutedRoutedEventArgs e)
   w System.Windows.Controls.DataGrid.OnExecutedBeginEdit(Object sender, ExecutedRoutedEventArgs e)
   w System.Windows.Input.CommandBinding.OnExecuted(Object sender, ExecutedRoutedEventArgs e)
   w System.Windows.Input.CommandManager.ExecuteCommandBinding(Object sender, ExecutedRoutedEventArgs e, CommandBinding commandBinding)
   w System.Windows.Input.CommandManager.FindCommandBinding(Object sender, RoutedEventArgs e, ICommand command, Boolean execute)
   w System.Windows.Input.CommandManager.OnExecuted(Object sender, ExecutedRoutedEventArgs e)
   w System.Windows.UIElement.OnExecutedThunk(Object sender, ExecutedRoutedEventArgs e)
   w System.Windows.Input.ExecutedRoutedEventArgs.InvokeEventHandler(Delegate genericHandler, Object target)
   w System.Windows.RoutedEventArgs.InvokeHandler(Delegate handler, Object target)
   w System.Windows.RoutedEventHandlerInfo.InvokeHandler(Object target, RoutedEventArgs routedEventArgs)
   w System.Windows.EventRoute.InvokeHandlersImpl(Object source, RoutedEventArgs args, Boolean reRaised)
   w System.Windows.UIElement.RaiseEventImpl(DependencyObject sender, RoutedEventArgs args)
   w System.Windows.UIElement.RaiseEvent(RoutedEventArgs args, Boolean trusted)
   w System.Windows.Input.RoutedCommand.ExecuteImpl(Object parameter, IInputElement target, Boolean userInitiated)
   w System.Windows.Input.RoutedCommand.Execute(Object parameter, IInputElement target)
   w System.Windows.Controls.DataGrid.BeginEdit(RoutedEventArgs editingEventArgs)
   w System.Windows.Controls.DataGridCell.OnAnyMouseLeftButtonDown(MouseButtonEventArgs e)
   w System.Windows.Controls.DataGridCell.OnAnyMouseLeftButtonDownThunk(Object sender, MouseButtonEventArgs e)
   w System.Windows.Input.MouseButtonEventArgs.InvokeEventHandler(Delegate genericHandler, Object genericTarget)
   w System.Windows.RoutedEventArgs.InvokeHandler(Delegate handler, Object target)
   w System.Windows.RoutedEventHandlerInfo.InvokeHandler(Object target, RoutedEventArgs routedEventArgs)
   w System.Windows.EventRoute.InvokeHandlersImpl(Object source, RoutedEventArgs args, Boolean reRaised)
   w System.Windows.UIElement.ReRaiseEventAs(DependencyObject sender, RoutedEventArgs args, RoutedEvent newEvent)
   w System.Windows.UIElement.OnMouseDownThunk(Object sender, MouseButtonEventArgs e)
   w System.Windows.Input.MouseButtonEventArgs.InvokeEventHandler(Delegate genericHandler, Object genericTarget)
   w System.Windows.RoutedEventArgs.InvokeHandler(Delegate handler, Object target)
   w System.Windows.RoutedEventHandlerInfo.InvokeHandler(Object target, RoutedEventArgs routedEventArgs)
   w System.Windows.EventRoute.InvokeHandlersImpl(Object source, RoutedEventArgs args, Boolean reRaised)
   w System.Windows.UIElement.RaiseEventImpl(DependencyObject sender, RoutedEventArgs args)
   w System.Windows.UIElement.RaiseTrustedEvent(RoutedEventArgs args)
   w System.Windows.UIElement.RaiseEvent(RoutedEventArgs args, Boolean trusted)
   w System.Windows.Input.InputManager.ProcessStagingArea()
   w System.Windows.Input.InputManager.ProcessInput(InputEventArgs input)
   w System.Windows.Input.InputProviderSite.ReportInput(InputReport inputReport)
   w System.Windows.Interop.HwndMouseInputProvider.ReportInput(IntPtr hwnd, InputMode mode, Int32 timestamp, RawMouseActions actions, Int32 x, Int32 y, Int32 wheel)
   w System.Windows.Interop.HwndMouseInputProvider.FilterMessage(IntPtr hwnd, WindowMessage msg, IntPtr wParam, IntPtr lParam, Boolean& handled)
   w System.Windows.Interop.HwndSource.InputFilterMessage(IntPtr hwnd, Int32 msg, IntPtr wParam, IntPtr lParam, Boolean& handled)
   w MS.Win32.HwndWrapper.WndProc(IntPtr hwnd, Int32 msg, IntPtr wParam, IntPtr lParam, Boolean& handled)
   w MS.Win32.HwndSubclass.DispatcherCallbackOperation(Object o)
   w System.Windows.Threading.ExceptionWrapper.InternalRealCall(Delegate callback, Object args, Int32 numArgs)
   w System.Windows.Threading.ExceptionWrapper.TryCatchWhen(Object source, Delegate callback, Object args, Int32 numArgs, Delegate catchHandler)
   w System.Windows.Threading.Dispatcher.LegacyInvokeImpl(DispatcherPriority priority, TimeSpan timeout, Delegate method, Object args, Int32 numArgs)
   w MS.Win32.HwndSubclass.SubclassWndProc(IntPtr hwnd, Int32 msg, IntPtr wParam, IntPtr lParam)
   w MS.Win32.UnsafeNativeMethods.DispatchMessage(MSG& msg)
   w System.Windows.Threading.Dispatcher.PushFrameImpl(DispatcherFrame frame)
   w System.Windows.Threading.Dispatcher.PushFrame(DispatcherFrame frame)
   w System.Windows.Application.RunDispatcher(Object ignore)
   w System.Windows.Application.RunInternal(Window window)
   w System.Windows.Application.Run(Window window)
   w System.Windows.Application.Run()
   w GenericEngines.App.Main()
==========
2018-09-29 15:59:15
System.Windows.Markup.XamlParseException: Operacja podawania wartości elementu „System.Windows.Markup.StaticResourceHolder” wywołała wyjątek., numer wiersza 204, pozycja 19. ---> System.Exception: Nie można znaleźć zasobu o nazwie „CheckBoxSwitch”. W nazwach zasobów jest uwzględniana wielkość liter.
   w System.Windows.StaticResourceExtension.ProvideValueInternal(IServiceProvider serviceProvider, Boolean allowDeferredReference)
   w System.Windows.StaticResourceExtension.ProvideValue(IServiceProvider serviceProvider)
   w MS.Internal.Xaml.Runtime.ClrObjectRuntime.CallProvideValue(MarkupExtension me, IServiceProvider serviceProvider)
   --- Koniec śladu stosu wyjątków wewnętrznych ---
   w System.Windows.FrameworkTemplate.LoadTemplateXaml(XamlReader templateReader, XamlObjectWriter currentWriter)
   w System.Windows.FrameworkTemplate.LoadTemplateXaml(XamlObjectWriter objectWriter)
   w System.Windows.FrameworkTemplate.LoadOptimizedTemplateContent(DependencyObject container, IComponentConnector componentConnector, IStyleConnector styleConnector, List`1 affectedChildren, UncommonField`1 templatedNonFeChildrenField)
   w System.Windows.FrameworkTemplate.LoadContent(DependencyObject container, List`1 affectedChildren)
   w System.Windows.StyleHelper.ApplyTemplateContent(UncommonField`1 dataField, DependencyObject container, FrameworkElementFactory templateRoot, Int32 lastChildIndex, HybridDictionary childIndexFromChildID, FrameworkTemplate frameworkTemplate)
   w System.Windows.FrameworkTemplate.ApplyTemplateContent(UncommonField`1 templateDataField, FrameworkElement container)
   w System.Windows.FrameworkElement.ApplyTemplate()
   w System.Windows.FrameworkElement.MeasureCore(Size availableSize)
   w System.Windows.UIElement.Measure(Size availableSize)
   w MS.Internal.Helper.MeasureElementWithSingleChild(UIElement element, Size constraint)
   w System.Windows.Controls.ContentPresenter.MeasureOverride(Size constraint)
   w System.Windows.FrameworkElement.MeasureCore(Size availableSize)
   w System.Windows.UIElement.Measure(Size availableSize)
   w System.Windows.ContextLayoutManager.UpdateLayout()
   w System.Windows.UIElement.UpdateLayout()
   w System.Windows.Controls.DataGridCell.BeginEdit(RoutedEventArgs e)
   w System.Windows.Controls.DataGrid.OnExecutedBeginEdit(ExecutedRoutedEventArgs e)
   w System.Windows.Controls.DataGrid.OnExecutedBeginEdit(Object sender, ExecutedRoutedEventArgs e)
   w System.Windows.Input.CommandBinding.OnExecuted(Object sender, ExecutedRoutedEventArgs e)
   w System.Windows.Input.CommandManager.ExecuteCommandBinding(Object sender, ExecutedRoutedEventArgs e, CommandBinding commandBinding)
   w System.Windows.Input.CommandManager.FindCommandBinding(Object sender, RoutedEventArgs e, ICommand command, Boolean execute)
   w System.Windows.Input.CommandManager.OnExecuted(Object sender, ExecutedRoutedEventArgs e)
   w System.Windows.UIElement.OnExecutedThunk(Object sender, ExecutedRoutedEventArgs e)
   w System.Windows.Input.ExecutedRoutedEventArgs.InvokeEventHandler(Delegate genericHandler, Object target)
   w System.Windows.RoutedEventArgs.InvokeHandler(Delegate handler, Object target)
   w System.Windows.RoutedEventHandlerInfo.InvokeHandler(Object target, RoutedEventArgs routedEventArgs)
   w System.Windows.EventRoute.InvokeHandlersImpl(Object source, RoutedEventArgs args, Boolean reRaised)
   w System.Windows.UIElement.RaiseEventImpl(DependencyObject sender, RoutedEventArgs args)
   w System.Windows.UIElement.RaiseEvent(RoutedEventArgs args, Boolean trusted)
   w System.Windows.Input.RoutedCommand.ExecuteImpl(Object parameter, IInputElement target, Boolean userInitiated)
   w System.Windows.Input.RoutedCommand.Execute(Object parameter, IInputElement target)
   w System.Windows.Controls.DataGrid.BeginEdit(RoutedEventArgs editingEventArgs)
   w System.Windows.Controls.DataGridCell.OnAnyMouseLeftButtonDown(MouseButtonEventArgs e)
   w System.Windows.Controls.DataGridCell.OnAnyMouseLeftButtonDownThunk(Object sender, MouseButtonEventArgs e)
   w System.Windows.Input.MouseButtonEventArgs.InvokeEventHandler(Delegate genericHandler, Object genericTarget)
   w System.Windows.RoutedEventArgs.InvokeHandler(Delegate handler, Object target)
   w System.Windows.RoutedEventHandlerInfo.InvokeHandler(Object target, RoutedEventArgs routedEventArgs)
   w System.Windows.EventRoute.InvokeHandlersImpl(Object source, RoutedEventArgs args, Boolean reRaised)
   w System.Windows.UIElement.ReRaiseEventAs(DependencyObject sender, RoutedEventArgs args, RoutedEvent newEvent)
   w System.Windows.UIElement.OnMouseDownThunk(Object sender, MouseButtonEventArgs e)
   w System.Windows.Input.MouseButtonEventArgs.InvokeEventHandler(Delegate genericHandler, Object genericTarget)
   w System.Windows.RoutedEventArgs.InvokeHandler(Delegate handler, Object target)
   w System.Windows.RoutedEventHandlerInfo.InvokeHandler(Object target, RoutedEventArgs routedEventArgs)
   w System.Windows.EventRoute.InvokeHandlersImpl(Object source, RoutedEventArgs args, Boolean reRaised)
   w System.Windows.UIElement.RaiseEventImpl(DependencyObject sender, RoutedEventArgs args)
   w System.Windows.UIElement.RaiseTrustedEvent(RoutedEventArgs args)
   w System.Windows.UIElement.RaiseEvent(RoutedEventArgs args, Boolean trusted)
   w System.Windows.Input.InputManager.ProcessStagingArea()
   w System.Windows.Input.InputManager.ProcessInput(InputEventArgs input)
   w System.Windows.Input.InputProviderSite.ReportInput(InputReport inputReport)
   w System.Windows.Interop.HwndMouseInputProvider.ReportInput(IntPtr hwnd, InputMode mode, Int32 timestamp, RawMouseActions actions, Int32 x, Int32 y, Int32 wheel)
   w System.Windows.Interop.HwndMouseInputProvider.FilterMessage(IntPtr hwnd, WindowMessage msg, IntPtr wParam, IntPtr lParam, Boolean& handled)
   w System.Windows.Interop.HwndSource.InputFilterMessage(IntPtr hwnd, Int32 msg, IntPtr wParam, IntPtr lParam, Boolean& handled)
   w MS.Win32.HwndWrapper.WndProc(IntPtr hwnd, Int32 msg, IntPtr wParam, IntPtr lParam, Boolean& handled)
   w MS.Win32.HwndSubclass.DispatcherCallbackOperation(Object o)
   w System.Windows.Threading.ExceptionWrapper.InternalRealCall(Delegate callback, Object args, Int32 numArgs)
   w System.Windows.Threading.ExceptionWrapper.TryCatchWhen(Object source, Delegate callback, Object args, Int32 numArgs, Delegate catchHandler)
   w System.Windows.Threading.Dispatcher.LegacyInvokeImpl(DispatcherPriority priority, TimeSpan timeout, Delegate method, Object args, Int32 numArgs)
   w MS.Win32.HwndSubclass.SubclassWndProc(IntPtr hwnd, Int32 msg, IntPtr wParam, IntPtr lParam)
   w MS.Win32.UnsafeNativeMethods.DispatchMessage(MSG& msg)
   w System.Windows.Threading.Dispatcher.PushFrameImpl(DispatcherFrame frame)
   w System.Windows.Threading.Dispatcher.PushFrame(DispatcherFrame frame)
   w System.Windows.Application.RunDispatcher(Object ignore)
   w System.Windows.Application.RunInternal(Window window)
   w System.Windows.Application.Run(Window window)
   w System.Windows.Application.Run()
   w GenericEngines.App.Main()
==========
2018-09-29 18:37:37
System.InvalidOperationException: Element „Refresh” jest niedozwolony podczas transakcji AddNew lub EditItem.
   w System.Windows.Data.CollectionView.Refresh()
   w GenericEngines.MainWindow.removeButton_MouseUp(Object sender, MouseButtonEventArgs e) w C:\Users\Pat\Documents\GitHub\Generic-Engines\GenericEngines\MainWindow.xaml.cs:wiersz 104
   w System.Windows.Input.MouseButtonEventArgs.InvokeEventHandler(Delegate genericHandler, Object genericTarget)
   w System.Windows.RoutedEventArgs.InvokeHandler(Delegate handler, Object target)
   w System.Windows.RoutedEventHandlerInfo.InvokeHandler(Object target, RoutedEventArgs routedEventArgs)
   w System.Windows.EventRoute.InvokeHandlersImpl(Object source, RoutedEventArgs args, Boolean reRaised)
   w System.Windows.UIElement.RaiseEventImpl(DependencyObject sender, RoutedEventArgs args)
   w System.Windows.UIElement.RaiseTrustedEvent(RoutedEventArgs args)
   w System.Windows.UIElement.RaiseEvent(RoutedEventArgs args, Boolean trusted)
   w System.Windows.Input.InputManager.ProcessStagingArea()
   w System.Windows.Input.InputManager.ProcessInput(InputEventArgs input)
   w System.Windows.Input.InputProviderSite.ReportInput(InputReport inputReport)
   w System.Windows.Interop.HwndMouseInputProvider.ReportInput(IntPtr hwnd, InputMode mode, Int32 timestamp, RawMouseActions actions, Int32 x, Int32 y, Int32 wheel)
   w System.Windows.Interop.HwndMouseInputProvider.FilterMessage(IntPtr hwnd, WindowMessage msg, IntPtr wParam, IntPtr lParam, Boolean& handled)
   w System.Windows.Interop.HwndSource.InputFilterMessage(IntPtr hwnd, Int32 msg, IntPtr wParam, IntPtr lParam, Boolean& handled)
   w MS.Win32.HwndWrapper.WndProc(IntPtr hwnd, Int32 msg, IntPtr wParam, IntPtr lParam, Boolean& handled)
   w MS.Win32.HwndSubclass.DispatcherCallbackOperation(Object o)
   w System.Windows.Threading.ExceptionWrapper.InternalRealCall(Delegate callback, Object args, Int32 numArgs)
   w System.Windows.Threading.ExceptionWrapper.TryCatchWhen(Object source, Delegate callback, Object args, Int32 numArgs, Delegate catchHandler)
   w System.Windows.Threading.Dispatcher.LegacyInvokeImpl(DispatcherPriority priority, TimeSpan timeout, Delegate method, Object args, Int32 numArgs)
   w MS.Win32.HwndSubclass.SubclassWndProc(IntPtr hwnd, Int32 msg, IntPtr wParam, IntPtr lParam)
   w MS.Win32.UnsafeNativeMethods.DispatchMessage(MSG& msg)
   w System.Windows.Threading.Dispatcher.PushFrameImpl(DispatcherFrame frame)
   w System.Windows.Threading.Dispatcher.PushFrame(DispatcherFrame frame)
   w System.Windows.Application.RunDispatcher(Object ignore)
   w System.Windows.Application.RunInternal(Window window)
   w System.Windows.Application.Run(Window window)
   w System.Windows.Application.Run()
   w GenericEngines.App.Main()
==========
2018-09-29 19:34:14
System.InvalidOperationException: Element „Refresh” jest niedozwolony podczas transakcji AddNew lub EditItem.
   w System.Windows.Data.CollectionView.Refresh()
   w GenericEngines.MainWindow.removeButton_MouseUp(Object sender, MouseButtonEventArgs e) w C:\Users\Pat\Documents\GitHub\Generic-Engines\GenericEngines\MainWindow.xaml.cs:wiersz 104
   w System.Windows.Input.MouseButtonEventArgs.InvokeEventHandler(Delegate genericHandler, Object genericTarget)
   w System.Windows.RoutedEventArgs.InvokeHandler(Delegate handler, Object target)
   w System.Windows.RoutedEventHandlerInfo.InvokeHandler(Object target, RoutedEventArgs routedEventArgs)
   w System.Windows.EventRoute.InvokeHandlersImpl(Object source, RoutedEventArgs args, Boolean reRaised)
   w System.Windows.UIElement.RaiseEventImpl(DependencyObject sender, RoutedEventArgs args)
   w System.Windows.UIElement.RaiseTrustedEvent(RoutedEventArgs args)
   w System.Windows.UIElement.RaiseEvent(RoutedEventArgs args, Boolean trusted)
   w System.Windows.Input.InputManager.ProcessStagingArea()
   w System.Windows.Input.InputManager.ProcessInput(InputEventArgs input)
   w System.Windows.Input.InputProviderSite.ReportInput(InputReport inputReport)
   w System.Windows.Interop.HwndMouseInputProvider.ReportInput(IntPtr hwnd, InputMode mode, Int32 timestamp, RawMouseActions actions, Int32 x, Int32 y, Int32 wheel)
   w System.Windows.Interop.HwndMouseInputProvider.FilterMessage(IntPtr hwnd, WindowMessage msg, IntPtr wParam, IntPtr lParam, Boolean& handled)
   w System.Windows.Interop.HwndSource.InputFilterMessage(IntPtr hwnd, Int32 msg, IntPtr wParam, IntPtr lParam, Boolean& handled)
   w MS.Win32.HwndWrapper.WndProc(IntPtr hwnd, Int32 msg, IntPtr wParam, IntPtr lParam, Boolean& handled)
   w MS.Win32.HwndSubclass.DispatcherCallbackOperation(Object o)
   w System.Windows.Threading.ExceptionWrapper.InternalRealCall(Delegate callback, Object args, Int32 numArgs)
   w System.Windows.Threading.ExceptionWrapper.TryCatchWhen(Object source, Delegate callback, Object args, Int32 numArgs, Delegate catchHandler)
   w System.Windows.Threading.Dispatcher.LegacyInvokeImpl(DispatcherPriority priority, TimeSpan timeout, Delegate method, Object args, Int32 numArgs)
   w MS.Win32.HwndSubclass.SubclassWndProc(IntPtr hwnd, Int32 msg, IntPtr wParam, IntPtr lParam)
   w MS.Win32.UnsafeNativeMethods.DispatchMessage(MSG& msg)
   w System.Windows.Threading.Dispatcher.PushFrameImpl(DispatcherFrame frame)
   w System.Windows.Threading.Dispatcher.PushFrame(DispatcherFrame frame)
   w System.Windows.Application.RunDispatcher(Object ignore)
   w System.Windows.Application.RunInternal(Window window)
   w System.Windows.Application.Run(Window window)
   w System.Windows.Application.Run()
   w GenericEngines.App.Main()
==========
2018-09-30 16:20:49
System.ArgumentException: Wartość jest spoza oczekiwanego zakresu.
   w MS.Internal.AppModel.ShellUtil.GetShellItemForPath(String path)
   w Microsoft.Win32.FileDialog.PrepareVistaDialog(IFileDialog dialog)
   w Microsoft.Win32.FileDialog.RunVistaDialog(IntPtr hwndOwner)
   w Microsoft.Win32.FileDialog.RunDialog(IntPtr hwndOwner)
   w Microsoft.Win32.CommonDialog.ShowDialog()
   w GenericEngines.MainWindow.openButton_MouseUp(Object sender, MouseButtonEventArgs e) w C:\Users\Pat\Documents\GitHub\Generic-Engines\GenericEngines\MainWindow.xaml.cs:wiersz 159
   w System.Windows.Input.MouseButtonEventArgs.InvokeEventHandler(Delegate genericHandler, Object genericTarget)
   w System.Windows.RoutedEventArgs.InvokeHandler(Delegate handler, Object target)
   w System.Windows.RoutedEventHandlerInfo.InvokeHandler(Object target, RoutedEventArgs routedEventArgs)
   w System.Windows.EventRoute.InvokeHandlersImpl(Object source, RoutedEventArgs args, Boolean reRaised)
   w System.Windows.UIElement.RaiseEventImpl(DependencyObject sender, RoutedEventArgs args)
   w System.Windows.UIElement.RaiseTrustedEvent(RoutedEventArgs args)
   w System.Windows.UIElement.RaiseEvent(RoutedEventArgs args, Boolean trusted)
   w System.Windows.Input.InputManager.ProcessStagingArea()
   w System.Windows.Input.InputManager.ProcessInput(InputEventArgs input)
   w System.Windows.Input.InputProviderSite.ReportInput(InputReport inputReport)
   w System.Windows.Interop.HwndMouseInputProvider.ReportInput(IntPtr hwnd, InputMode mode, Int32 timestamp, RawMouseActions actions, Int32 x, Int32 y, Int32 wheel)
   w System.Windows.Interop.HwndMouseInputProvider.FilterMessage(IntPtr hwnd, WindowMessage msg, IntPtr wParam, IntPtr lParam, Boolean& handled)
   w System.Windows.Interop.HwndSource.InputFilterMessage(IntPtr hwnd, Int32 msg, IntPtr wParam, IntPtr lParam, Boolean& handled)
   w MS.Win32.HwndWrapper.WndProc(IntPtr hwnd, Int32 msg, IntPtr wParam, IntPtr lParam, Boolean& handled)
   w MS.Win32.HwndSubclass.DispatcherCallbackOperation(Object o)
   w System.Windows.Threading.ExceptionWrapper.InternalRealCall(Delegate callback, Object args, Int32 numArgs)
   w System.Windows.Threading.ExceptionWrapper.TryCatchWhen(Object source, Delegate callback, Object args, Int32 numArgs, Delegate catchHandler)
   w System.Windows.Threading.Dispatcher.LegacyInvokeImpl(DispatcherPriority priority, TimeSpan timeout, Delegate method, Object args, Int32 numArgs)
   w MS.Win32.HwndSubclass.SubclassWndProc(IntPtr hwnd, Int32 msg, IntPtr wParam, IntPtr lParam)
   w MS.Win32.UnsafeNativeMethods.DispatchMessage(MSG& msg)
   w System.Windows.Threading.Dispatcher.PushFrameImpl(DispatcherFrame frame)
   w System.Windows.Threading.Dispatcher.PushFrame(DispatcherFrame frame)
   w System.Windows.Application.RunDispatcher(Object ignore)
   w System.Windows.Application.RunInternal(Window window)
   w System.Windows.Application.Run(Window window)
   w System.Windows.Application.Run()
   w GenericEngines.App.Main()
